<?xml version="1.0" encoding="UTF-8"?>
<!-- Generated by org.testng.reporters.JUnitReportReporter -->
<testsuite skipped="0" hostname="Mylaptop" name="com.qa.test.RegistrationPageTests" tests="2" failures="0" timestamp="2019-10-07T17:24:17 BST" time="10.641" errors="0">
  <testcase name="RegistrationPageValidation" time="1.197" classname="com.qa.test.RegistrationPageTests"/>
  <testcase name="submitRegistrationPage" time="9.444" classname="com.qa.test.RegistrationPageTests"/>
</testsuite> <!-- com.qa.test.RegistrationPageTests -->
