<?xml version="1.0" encoding="UTF-8"?>
<!-- Generated by org.testng.reporters.JUnitReportReporter -->
<testsuite skipped="0" hostname="Mylaptop" name="com.qa.test.AddToCartTest" tests="1" failures="0" timestamp="2019-10-07T22:58:56 BST" time="14.666" errors="0">
  <testcase name="ValidateAddToCart" time="14.666" classname="com.qa.test.AddToCartTest"/>
</testsuite> <!-- com.qa.test.AddToCartTest -->
